  [1m[35m (1.4ms)[0m  [1m[35mCREATE TABLE "schema_migrations" ("version" varchar NOT NULL PRIMARY KEY)[0m
  [1m[35m (5.3ms)[0m  [1m[35mCREATE TABLE "ar_internal_metadata" ("key" varchar NOT NULL PRIMARY KEY, "value" varchar, "created_at" datetime NOT NULL, "updated_at" datetime NOT NULL)[0m
  [1m[36mActiveRecord::SchemaMigration Load (0.1ms)[0m  [1m[34mSELECT "schema_migrations".* FROM "schema_migrations"[0m
Migrating to CreateTodos (20170419033412)
  [1m[35m (0.1ms)[0m  [1m[36mbegin transaction[0m
  [1m[35m (0.5ms)[0m  [1m[35mCREATE TABLE "todos" ("id" INTEGER PRIMARY KEY AUTOINCREMENT NOT NULL, "title" varchar, "created_by" varchar, "created_at" datetime NOT NULL, "updated_at" datetime NOT NULL)[0m
  [1m[35mSQL (0.1ms)[0m  [1m[32mINSERT INTO "schema_migrations" ("version") VALUES (?)[0m  [["version", "20170419033412"]]
  [1m[35m (0.7ms)[0m  [1m[36mcommit transaction[0m
Migrating to CreateItems (20170419033659)
  [1m[35m (0.0ms)[0m  [1m[36mbegin transaction[0m
  [1m[35m (0.3ms)[0m  [1m[35mCREATE TABLE "items" ("id" INTEGER PRIMARY KEY AUTOINCREMENT NOT NULL, "name" varchar, "done" boolean, "todo_id" integer, "created_at" datetime NOT NULL, "updated_at" datetime NOT NULL)[0m
  [1m[35m (0.0ms)[0m  [1m[34mselect sqlite_version(*)[0m
  [1m[35m (0.1ms)[0m  [1m[35mCREATE  INDEX "index_items_on_todo_id" ON "items" ("todo_id")[0m
  [1m[35mSQL (0.1ms)[0m  [1m[32mINSERT INTO "schema_migrations" ("version") VALUES (?)[0m  [["version", "20170419033659"]]
  [1m[35m (0.8ms)[0m  [1m[36mcommit transaction[0m
  [1m[36mActiveRecord::InternalMetadata Load (0.1ms)[0m  [1m[34mSELECT  "ar_internal_metadata".* FROM "ar_internal_metadata" WHERE "ar_internal_metadata"."key" = ? LIMIT ?[0m  [["key", :environment], ["LIMIT", 1]]
  [1m[35m (0.1ms)[0m  [1m[36mbegin transaction[0m
  [1m[35mSQL (0.4ms)[0m  [1m[32mINSERT INTO "ar_internal_metadata" ("key", "value", "created_at", "updated_at") VALUES (?, ?, ?, ?)[0m  [["key", "environment"], ["value", "development"], ["created_at", 2017-04-19 03:37:40 UTC], ["updated_at", 2017-04-19 03:37:40 UTC]]
  [1m[35m (1.2ms)[0m  [1m[36mcommit transaction[0m
  [1m[36mActiveRecord::SchemaMigration Load (0.1ms)[0m  [1m[34mSELECT "schema_migrations".* FROM "schema_migrations"[0m
  [1m[35m (0.2ms)[0m  [1m[34m            SELECT sql
            FROM sqlite_master
            WHERE name='index_items_on_todo_id' AND type='index'
            UNION ALL
            SELECT sql
            FROM sqlite_temp_master
            WHERE name='index_items_on_todo_id' AND type='index'
[0m
Started GET "/" for ::1 at 2017-04-19 14:33:27 -0700
  [1m[36mActiveRecord::SchemaMigration Load (0.5ms)[0m  [1m[34mSELECT "schema_migrations".* FROM "schema_migrations"[0m
Processing by Rails::WelcomeController#index as HTML
  Parameters: {"internal"=>true}
  Rendering /Users/chrisbrickey/.rvm/gems/ruby-2.4.0/gems/railties-5.0.2/lib/rails/templates/rails/welcome/index.html.erb
  Rendered /Users/chrisbrickey/.rvm/gems/ruby-2.4.0/gems/railties-5.0.2/lib/rails/templates/rails/welcome/index.html.erb (3.5ms)
Completed 200 OK in 13ms (Views: 9.9ms | ActiveRecord: 0.0ms)


Started GET "/todos" for ::1 at 2017-04-19 14:37:17 -0700
Processing by TodosController#index as */*
  [1m[36mTodo Load (0.6ms)[0m  [1m[34mSELECT "todos".* FROM "todos"[0m
Completed 200 OK in 8ms (Views: 1.1ms | ActiveRecord: 0.8ms)


Started POST "/todos" for ::1 at 2017-04-19 14:38:42 -0700
Processing by TodosController#create as HTML
  Parameters: {"title"=>"Mozart", "created_by"=>"1", "todo"=>{"title"=>"Mozart", "created_by"=>"1"}}
Unpermitted parameter: todo
  [1m[35m (0.0ms)[0m  [1m[36mbegin transaction[0m
  [1m[35mSQL (2.5ms)[0m  [1m[32mINSERT INTO "todos" ("title", "created_by", "created_at", "updated_at") VALUES (?, ?, ?, ?)[0m  [["title", "Mozart"], ["created_by", "1"], ["created_at", 2017-04-19 21:38:42 UTC], ["updated_at", 2017-04-19 21:38:42 UTC]]
  [1m[35m (2.7ms)[0m  [1m[36mcommit transaction[0m
Completed 201 Created in 11ms (Views: 0.5ms | ActiveRecord: 5.5ms)


Started PUT "/todos/1" for ::1 at 2017-04-19 14:39:04 -0700
Processing by TodosController#update as HTML
  Parameters: {"title"=>"Beethoven", "id"=>"1", "todo"=>{"title"=>"Beethoven"}}
  [1m[36mTodo Load (0.2ms)[0m  [1m[34mSELECT  "todos".* FROM "todos" WHERE "todos"."id" = ? LIMIT ?[0m  [["id", 1], ["LIMIT", 1]]
Unpermitted parameters: id, todo
  [1m[35m (0.0ms)[0m  [1m[36mbegin transaction[0m
  [1m[35mSQL (0.2ms)[0m  [1m[33mUPDATE "todos" SET "title" = ?, "updated_at" = ? WHERE "todos"."id" = ?[0m  [["title", "Beethoven"], ["updated_at", 2017-04-19 21:39:04 UTC], ["id", 1]]
  [1m[35m (0.6ms)[0m  [1m[36mcommit transaction[0m
Completed 204 No Content in 6ms (ActiveRecord: 1.1ms)


Started DELETE "/todos/1" for ::1 at 2017-04-19 14:39:26 -0700
Processing by TodosController#destroy as */*
  Parameters: {"id"=>"1"}
  [1m[36mTodo Load (0.1ms)[0m  [1m[34mSELECT  "todos".* FROM "todos" WHERE "todos"."id" = ? LIMIT ?[0m  [["id", 1], ["LIMIT", 1]]
  [1m[35m (0.0ms)[0m  [1m[36mbegin transaction[0m
  [1m[36mItem Load (0.5ms)[0m  [1m[34mSELECT "items".* FROM "items" WHERE "items"."todo_id" = ?[0m  [["todo_id", 1]]
  [1m[35mSQL (0.3ms)[0m  [1m[31mDELETE FROM "todos" WHERE "todos"."id" = ?[0m  [["id", 1]]
  [1m[35m (0.6ms)[0m  [1m[36mcommit transaction[0m
Completed 204 No Content in 23ms (ActiveRecord: 1.8ms)


Started GET "/" for ::1 at 2017-04-19 18:12:55 -0700
  [1m[36mActiveRecord::SchemaMigration Load (0.5ms)[0m  [1m[34mSELECT "schema_migrations".* FROM "schema_migrations"[0m
Processing by Rails::WelcomeController#index as HTML
  Parameters: {"internal"=>true}
  Rendering /Users/chrisbrickey/.rvm/gems/ruby-2.4.0/gems/railties-5.0.2/lib/rails/templates/rails/welcome/index.html.erb
  Rendered /Users/chrisbrickey/.rvm/gems/ruby-2.4.0/gems/railties-5.0.2/lib/rails/templates/rails/welcome/index.html.erb (5.1ms)
Completed 200 OK in 14ms (Views: 11.4ms | ActiveRecord: 0.0ms)


Started GET "/" for ::1 at 2017-04-19 18:12:55 -0700
Processing by Rails::WelcomeController#index as HTML
  Parameters: {"internal"=>true}
  Rendering /Users/chrisbrickey/.rvm/gems/ruby-2.4.0/gems/railties-5.0.2/lib/rails/templates/rails/welcome/index.html.erb
  Rendered /Users/chrisbrickey/.rvm/gems/ruby-2.4.0/gems/railties-5.0.2/lib/rails/templates/rails/welcome/index.html.erb (2.7ms)
Completed 200 OK in 6ms (Views: 4.4ms | ActiveRecord: 0.0ms)


Started GET "/" for ::1 at 2017-04-19 18:13:59 -0700
  [1m[36mActiveRecord::SchemaMigration Load (0.1ms)[0m  [1m[34mSELECT "schema_migrations".* FROM "schema_migrations"[0m
Processing by Rails::WelcomeController#index as HTML
  Parameters: {"internal"=>true}
  Rendering /Users/chrisbrickey/.rvm/gems/ruby-2.4.0/gems/railties-5.0.2/lib/rails/templates/rails/welcome/index.html.erb
  Rendered /Users/chrisbrickey/.rvm/gems/ruby-2.4.0/gems/railties-5.0.2/lib/rails/templates/rails/welcome/index.html.erb (3.9ms)
Completed 200 OK in 12ms (Views: 9.7ms | ActiveRecord: 0.0ms)


Started GET "/" for ::1 at 2017-04-19 18:13:59 -0700
Processing by Rails::WelcomeController#index as HTML
  Parameters: {"internal"=>true}
  Rendering /Users/chrisbrickey/.rvm/gems/ruby-2.4.0/gems/railties-5.0.2/lib/rails/templates/rails/welcome/index.html.erb
  Rendered /Users/chrisbrickey/.rvm/gems/ruby-2.4.0/gems/railties-5.0.2/lib/rails/templates/rails/welcome/index.html.erb (3.0ms)
Completed 200 OK in 7ms (Views: 5.2ms | ActiveRecord: 0.0ms)


Started GET "/todos/2/items" for ::1 at 2017-04-19 18:14:39 -0700
Processing by ItemsController#index as */*
  Parameters: {"todo_id"=>"2"}
  [1m[36mTodo Load (0.4ms)[0m  [1m[34mSELECT  "todos".* FROM "todos" WHERE "todos"."id" = ? LIMIT ?[0m  [["id", 2], ["LIMIT", 1]]
Completed 404 Not Found in 9ms (Views: 0.2ms | ActiveRecord: 1.0ms)


Started POST "/todos/2/items" for ::1 at 2017-04-19 18:15:40 -0700
Processing by ItemsController#create as HTML
  Parameters: {"name"=>"Listen to 5th Symphony", "done"=>"false", "todo_id"=>"2", "item"=>{"name"=>"Listen to 5th Symphony", "done"=>"false"}}
  [1m[36mTodo Load (0.1ms)[0m  [1m[34mSELECT  "todos".* FROM "todos" WHERE "todos"."id" = ? LIMIT ?[0m  [["id", 2], ["LIMIT", 1]]
Completed 404 Not Found in 3ms (Views: 0.2ms | ActiveRecord: 0.5ms)


Started PUT "/todos/2/items/1" for ::1 at 2017-04-19 18:16:03 -0700
Processing by ItemsController#update as HTML
  Parameters: {"done"=>"true", "todo_id"=>"2", "id"=>"1", "item"=>{"done"=>"true"}}
  [1m[36mTodo Load (0.1ms)[0m  [1m[34mSELECT  "todos".* FROM "todos" WHERE "todos"."id" = ? LIMIT ?[0m  [["id", 2], ["LIMIT", 1]]
Completed 404 Not Found in 1ms (Views: 0.1ms | ActiveRecord: 0.1ms)


Started DELETE "/todos/2/items/1" for ::1 at 2017-04-19 18:16:17 -0700
Processing by ItemsController#destroy as */*
  Parameters: {"todo_id"=>"2", "id"=>"1"}
  [1m[36mTodo Load (0.1ms)[0m  [1m[34mSELECT  "todos".* FROM "todos" WHERE "todos"."id" = ? LIMIT ?[0m  [["id", 2], ["LIMIT", 1]]
Completed 404 Not Found in 1ms (Views: 0.1ms | ActiveRecord: 0.1ms)


